[2025-04-29 12:44:19] [info] [pid 19255] src/Apache_log.c: HTTP/1.1 501 Not Implemented

: [client ] HTTP/1.1 501 Not Implemented


[2025-04-29 12:45:39] [info] [pid 19255] src/Apache_log.c: HTTP/1.1 501 Not Implemented

: [client ] HTTP/1.1 501 Not Implemented


[2025-04-29 12:45:41] [info] [pid 19255] src/Apache_log.c: HTTP/1.1 501 Not Implemented

: [client ] HTTP/1.1 501 Not Implemented


[2025-04-29 12:55:41] [info] [pid 21330] src/Apache_log.c: HTTP/1.1 501 Not Implemented

: [client ] HTTP/1.1 501 Not Implemented


[2025-04-29 12:55:55] [info] [pid 21330] src/Apache_log.c: HTTP/1.1 501 Not Implemented

: [client ] HTTP/1.1 501 Not Implemented


[2025-04-29 12:56:17] [info] [pid 21589] src/Apache_log.c: HTTP/1.1 501 Not Implemented

: [client ] HTTP/1.1 501 Not Implemented


[2025-04-29 12:56:40] [info] [pid 21784] src/Apache_log.c: HTTP/1.1 501 Not Implemented

: [client ] HTTP/1.1 501 Not Implemented


[2025-04-29 12:56:41] [info] [pid 21784] src/Apache_log.c: HTTP/1.1 501 Not Implemented

: [client ] HTTP/1.1 501 Not Implemented


[2025-04-29 12:56:41] [info] [pid 21784] src/Apache_log.c: HTTP/1.1 501 Not Implemented

: [client ] HTTP/1.1 501 Not Implemented


[2025-04-29 12:56:42] [info] [pid 21784] src/Apache_log.c: HTTP/1.1 501 Not Implemented

: [client ] HTTP/1.1 501 Not Implemented


[2025-04-29 12:56:43] [info] [pid 21784] src/Apache_log.c: HTTP/1.1 501 Not Implemented

: [client ] HTTP/1.1 501 Not Implemented


[2025-04-29 12:56:44] [info] [pid 21784] src/Apache_log.c: HTTP/1.1 501 Not Implemented

: [client ] HTTP/1.1 501 Not Implemented


[2025-04-29 12:56:51] [info] [pid 21784] src/Apache_log.c: HTTP/1.1 501 Not Implemented

: [client ] HTTP/1.1 501 Not Implemented


[2025-04-29 12:56:51] [info] [pid 21784] src/Apache_log.c: HTTP/1.1 505 HTTP Version not supported

: [client ] HTTP/1.1 505 HTTP Version not supported


[2025-04-29 12:56:51] [info] [pid 21784] src/Apache_log.c: HTTP/1.1 505 HTTP Version not supported

: [client ] HTTP/1.1 505 HTTP Version not supported


[2025-04-29 12:56:51] [info] [pid 21784] src/Apache_log.c: HTTP/1.1 501 Not Implemented

: [client ] HTTP/1.1 501 Not Implemented


[2025-04-29 12:56:51] [info] [pid 21784] src/Apache_log.c: HTTP/1.1 501 Not Implemented

: [client ] HTTP/1.1 501 Not Implemented


[2025-04-29 12:56:51] [info] [pid 21784] src/Apache_log.c: HTTP/1.1 400 Bad request

: [client ] HTTP/1.1 400 Bad request


